[debug] [2021-04-22T03:50:40.840Z] ----------------------------------------------------------------------
[debug] [2021-04-22T03:50:40.844Z] Command:       C:\Program Files\nodejs\node.exe C:\Users\DevBhushan\AppData\Roaming\npm\node_modules\firebase-tools\lib\bin\firebase.js emulators:start
[debug] [2021-04-22T03:50:40.845Z] CLI Version:   9.10.0
[debug] [2021-04-22T03:50:40.845Z] Platform:      win32
[debug] [2021-04-22T03:50:40.845Z] Node Version:  v14.16.1
[debug] [2021-04-22T03:50:40.847Z] Time:          Thu Apr 22 2021 09:20:40 GMT+0530 (India Standard Time)
[debug] [2021-04-22T03:50:40.847Z] ----------------------------------------------------------------------
[debug] 
[debug] [2021-04-22T03:50:40.866Z] > command requires scopes: ["email","openid","https://www.googleapis.com/auth/cloudplatformprojects.readonly","https://www.googleapis.com/auth/firebase","https://www.googleapis.com/auth/cloud-platform"]
[debug] [2021-04-22T03:50:40.866Z] > authorizing via signed-in user (devbhushan12321@gmail.com)
[info] i  emulators: Starting emulators: auth, hosting {"metadata":{"emulator":{"name":"hub"},"message":"Starting emulators: auth, hosting"}}
[debug] [2021-04-22T03:50:40.911Z] [hub] writing locator at C:\Users\DEVBHU~1\AppData\Local\Temp\hub-testmd-9acb1.json
[debug] [2021-04-22T03:50:45.678Z] > refreshing access token with scopes: []
[debug] [2021-04-22T03:50:45.679Z] >>> HTTP REQUEST POST https://www.googleapis.com/oauth2/v3/token  
 <request body omitted>
[debug] [2021-04-22T03:50:45.870Z] <<< HTTP RESPONSE 200 {"pragma":"no-cache","date":"Thu, 22 Apr 2021 03:50:47 GMT","cache-control":"no-cache, no-store, max-age=0, must-revalidate","expires":"Mon, 01 Jan 1990 00:00:00 GMT","content-type":"application/json; charset=utf-8","vary":"X-Origin, Referer, Origin,Accept-Encoding","server":"scaffolding on HTTPServer2","x-xss-protection":"0","x-frame-options":"SAMEORIGIN","x-content-type-options":"nosniff","alt-svc":"h3-29=\":443\"; ma=2592000,h3-T051=\":443\"; ma=2592000,h3-Q050=\":443\"; ma=2592000,h3-Q046=\":443\"; ma=2592000,h3-Q043=\":443\"; ma=2592000,quic=\":443\"; ma=2592000; v=\"46,43\"","accept-ranges":"none","transfer-encoding":"chunked"}
[debug] [2021-04-22T03:50:45.910Z] >>> [apiv2][query] GET https://firebase.googleapis.com/v1beta1/projects/testmd-9acb1/webApps/-/config [none]
[debug] [2021-04-22T03:50:47.218Z] <<< [apiv2][status] GET https://firebase.googleapis.com/v1beta1/projects/testmd-9acb1/webApps/-/config 200
[debug] [2021-04-22T03:50:47.218Z] <<< [apiv2][body] GET https://firebase.googleapis.com/v1beta1/projects/testmd-9acb1/webApps/-/config {"projectId":"testmd-9acb1","appId":"1:417260166280:web:f16f27d132425cea43533d","storageBucket":"testmd-9acb1.appspot.com","apiKey":"AIzaSyCSzpeaEWySJymNK1_whQm7glHFoq6WwNE","authDomain":"testmd-9acb1.firebaseapp.com","messagingSenderId":"417260166280","measurementId":"G-KW9YL0X4WK"}
[info] i  hosting: Serving hosting files from: public {"metadata":{"emulator":{"name":"hosting"},"message":"Serving hosting files from: \u001b[1mpublic\u001b[22m"}}
[info] +  hosting: Local server: http://localhost:5000 {"metadata":{"emulator":{"name":"hosting"},"message":"Local server: \u001b[4m\u001b[1mhttp://localhost:5000\u001b[22m\u001b[24m"}}
[debug] [2021-04-22T03:50:47.283Z] Ignoring unsupported arg: auto_download {"metadata":{"emulator":{"name":"ui"},"message":"Ignoring unsupported arg: auto_download"}}
[debug] [2021-04-22T03:50:47.284Z] Ignoring unsupported arg: port {"metadata":{"emulator":{"name":"ui"},"message":"Ignoring unsupported arg: port"}}
[debug] [2021-04-22T03:50:47.284Z] Starting Emulator UI with command {"binary":"node","args":["C:\\Users\\DevBhushan\\.cache\\firebase\\emulators\\ui-v1.4.2\\server.bundle.js"],"optionalArgs":[],"joinArgs":false} {"metadata":{"emulator":{"name":"ui"},"message":"Starting Emulator UI with command {\"binary\":\"node\",\"args\":[\"C:\\\\Users\\\\DevBhushan\\\\.cache\\\\firebase\\\\emulators\\\\ui-v1.4.2\\\\server.bundle.js\"],\"optionalArgs\":[],\"joinArgs\":false}"}}
[info] i  ui: Emulator UI logging to ui-debug.log {"metadata":{"emulator":{"name":"ui"},"message":"Emulator UI logging to \u001b[1mui-debug.log\u001b[22m"}}
[debug] [2021-04-22T03:50:47.499Z] Web / API server started at http://localhost:4000
 {"metadata":{"emulator":{"name":"ui"},"message":"Web / API server started at http://localhost:4000\n"}}
[info] 
┌─────────────────────────────────────────────────────────────┐
│ ✔  All emulators ready! It is now safe to connect your app. │
│ i  View Emulator UI at http://localhost:4000                │
└─────────────────────────────────────────────────────────────┘

┌────────────────┬────────────────┬────────────────────────────┐
│ Emulator       │ Host:Port      │ View in Emulator UI        │
├────────────────┼────────────────┼────────────────────────────┤
│ Authentication │ localhost:9099 │ http://localhost:4000/auth │
├────────────────┼────────────────┼────────────────────────────┤
│ Hosting        │ localhost:5000 │ n/a                        │
└────────────────┴────────────────┴────────────────────────────┘
  Emulator Hub running at localhost:4400
  Other reserved ports: 4500

Issues? Report them at https://github.com/firebase/firebase-tools/issues and attach the *-debug.log files.
 
[warn] !  canHandleCodeInApp is unsupported in Auth Emulator. All OOB operations will complete via web. {"metadata":{"emulator":{"name":"auth"},"message":"canHandleCodeInApp is unsupported in Auth Emulator. All OOB operations will complete via web."}}
[info] i  To sign in as devbhushan12321@gmail.com, follow this link: http://localhost:9099/emulator/action?mode=signIn&lang=en&oobCode=qUDCMhoBTSBOIl9FdGoAI75-zN_3qI75s4V-jcQjCjaIU2igMd9YHt&apiKey=fake-api-key&continueUrl=http%3A%2F%2Flocalhost%3A3000%2Flogin {"metadata":{"emulator":{"name":"auth"},"message":"To sign in as devbhushan12321@gmail.com, follow this link: http://localhost:9099/emulator/action?mode=signIn&lang=en&oobCode=qUDCMhoBTSBOIl9FdGoAI75-zN_3qI75s4V-jcQjCjaIU2igMd9YHt&apiKey=fake-api-key&continueUrl=http%3A%2F%2Flocalhost%3A3000%2Flogin"}}
